10:36:59 **** Incremental Build of configuration Nios II for project lab9week2 ****
make all 
Info: Building ../lab9week2_bsp/
C:/intelFPGA_lite/18.0/nios2eds/bin/gnu/H-x86_64-mingw32/bin/make --no-print-directory -C ../lab9week2_bsp/
[BSP build complete]
Info: Compiling main.c to obj/default/main.o
nios2-elf-gcc -xc -MP -MMD -c -I../lab9week2_bsp//HAL/inc -I../lab9week2_bsp/ -I../lab9week2_bsp//drivers/inc  -pipe -D__hal__ -DALT_NO_INSTRUCTION_EMULATION -DALT_SINGLE_THREADED    -O0 -g -Wall   -mno-hw-div -mno-hw-mul -mno-hw-mulx -mgpopt=global  -o obj/default/main.o main.c
main.c: In function 'decrypt':
main.c:241:15: warning: variable 'temp' set but not used [-Wunused-but-set-variable]
  unsigned int temp[4];
               ^
Info: Linking lab9week2.elf
nios2-elf-g++  -T'../lab9week2_bsp//linker.x' -msys-crt0='../lab9week2_bsp//obj/HAL/src/crt0.o' -msys-lib=hal_bsp -L../lab9week2_bsp/   -Wl,-Map=lab9week2.map   -O0 -g -Wall   -mno-hw-div -mno-hw-mul -mno-hw-mulx -mgpopt=global  -o lab9week2.elf obj/default/main.o -lm -msys-lib=m
nios2-elf-insert lab9week2.elf --thread_model hal --cpu_name nios2_gen2_0 --qsys true --simulation_enabled false --id 0 --sidp 0x98 --timestamp 1606788032 --stderr_dev jtag_uart_0 --stdin_dev jtag_uart_0 --stdout_dev jtag_uart_0 --sopc_system_name nios_system --quartus_project_dir "D:/2020FA/ECE385/Lab9week2_aes_have_no_bug/Lab9week2_aes_have_no_bug/Lab9week1/Lab9_Avalon_Provided_2.0" --jdi ../..//output_files/lab9.jdi --sopcinfo D:/2020FA/ECE385/Lab9week2_aes_have_no_bug/Lab9week2_aes_have_no_bug/Lab9week1/Lab9_Avalon_Provided_2.0/software/lab9week2_bsp/../../nios_system.sopcinfo
Info: (lab9week2.elf) 116 KBytes program size (code + initialized data).
Info:                 65410 KBytes free for stack + heap.
Info: Creating lab9week2.objdump
nios2-elf-objdump --disassemble --syms --all-header --source lab9week2.elf >lab9week2.objdump
[lab9week2 build complete]

10:37:03 Build Finished (took 3s.110ms)

