Analysis & Synthesis report for lab6
Wed Nov 11 16:47:03 2020
Quartus Prime Version 18.0.0 Build 614 04/24/2018 SJ Lite Edition


---------------------
; Table of Contents ;
---------------------
  1. Legal Notice
  2. Analysis & Synthesis Summary
  3. Analysis & Synthesis Settings
  4. Parallel Compilation
  5. Analysis & Synthesis Source Files Read
  6. Analysis & Synthesis Resource Usage Summary
  7. Analysis & Synthesis Resource Utilization by Entity
  8. State Machine - |lab6_toplevel|slc3:my_slc|ISDU:state_controller|State
  9. Registers Removed During Synthesis
 10. General Register Statistics
 11. Multiplexer Restructuring Statistics (Restructuring Performed)
 12. Parameter Settings for User Entity Instance: slc3:my_slc|tristate:tr0
 13. Parameter Settings for User Entity Instance: test_memory:my_test_memory
 14. Parameter Settings for User Entity Instance: test_memory:my_test_memory|memory_parser:parser
 15. Port Connectivity Checks: "slc3:my_slc|Mem2IO:memory_subsystem"
 16. Post-Synthesis Netlist Statistics for Top Partition
 17. Elapsed Time Per Partition
 18. Analysis & Synthesis Messages
 19. Analysis & Synthesis Suppressed Messages



----------------
; Legal Notice ;
----------------
Copyright (C) 2018  Intel Corporation. All rights reserved.
Your use of Intel Corporation's design tools, logic functions 
and other software and tools, and its AMPP partner logic 
functions, and any output files from any of the foregoing 
(including device programming or simulation files), and any 
associated documentation or information are expressly subject 
to the terms and conditions of the Intel Program License 
Subscription Agreement, the Intel Quartus Prime License Agreement,
the Intel FPGA IP License Agreement, or other applicable license
agreement, including, without limitation, that your use is for
the sole purpose of programming logic devices manufactured by
Intel and sold by Intel or its authorized distributors.  Please
refer to the applicable agreement for further details.



+----------------------------------------------------------------------------------+
; Analysis & Synthesis Summary                                                     ;
+------------------------------------+---------------------------------------------+
; Analysis & Synthesis Status        ; Successful - Wed Nov 11 16:47:03 2020       ;
; Quartus Prime Version              ; 18.0.0 Build 614 04/24/2018 SJ Lite Edition ;
; Revision Name                      ; lab6                                        ;
; Top-level Entity Name              ; lab6_toplevel                               ;
; Family                             ; Cyclone IV E                                ;
; Total logic elements               ; 754                                         ;
;     Total combinational functions  ; 609                                         ;
;     Dedicated logic registers      ; 272                                         ;
; Total registers                    ; 272                                         ;
; Total pins                         ; 129                                         ;
; Total virtual pins                 ; 0                                           ;
; Total memory bits                  ; 0                                           ;
; Embedded Multiplier 9-bit elements ; 0                                           ;
; Total PLLs                         ; 0                                           ;
+------------------------------------+---------------------------------------------+


+------------------------------------------------------------------------------------------------------------+
; Analysis & Synthesis Settings                                                                              ;
+------------------------------------------------------------------+--------------------+--------------------+
; Option                                                           ; Setting            ; Default Value      ;
+------------------------------------------------------------------+--------------------+--------------------+
; Device                                                           ; EP4CE115F29C7      ;                    ;
; Top-level entity name                                            ; lab6_toplevel      ; lab6               ;
; Family name                                                      ; Cyclone IV E       ; Cyclone V          ;
; Use smart compilation                                            ; Off                ; Off                ;
; Enable parallel Assembler and Timing Analyzer during compilation ; On                 ; On                 ;
; Enable compact report table                                      ; Off                ; Off                ;
; Restructure Multiplexers                                         ; Auto               ; Auto               ;
; Create Debugging Nodes for IP Cores                              ; Off                ; Off                ;
; Preserve fewer node names                                        ; On                 ; On                 ;
; Intel FPGA IP Evaluation Mode                                    ; Enable             ; Enable             ;
; Verilog Version                                                  ; Verilog_2001       ; Verilog_2001       ;
; VHDL Version                                                     ; VHDL_1993          ; VHDL_1993          ;
; State Machine Processing                                         ; Auto               ; Auto               ;
; Safe State Machine                                               ; Off                ; Off                ;
; Extract Verilog State Machines                                   ; On                 ; On                 ;
; Extract VHDL State Machines                                      ; On                 ; On                 ;
; Ignore Verilog initial constructs                                ; Off                ; Off                ;
; Iteration limit for constant Verilog loops                       ; 5000               ; 5000               ;
; Iteration limit for non-constant Verilog loops                   ; 250                ; 250                ;
; Add Pass-Through Logic to Inferred RAMs                          ; On                 ; On                 ;
; Infer RAMs from Raw Logic                                        ; On                 ; On                 ;
; Parallel Synthesis                                               ; On                 ; On                 ;
; DSP Block Balancing                                              ; Auto               ; Auto               ;
; NOT Gate Push-Back                                               ; On                 ; On                 ;
; Power-Up Don't Care                                              ; On                 ; On                 ;
; Remove Redundant Logic Cells                                     ; Off                ; Off                ;
; Remove Duplicate Registers                                       ; On                 ; On                 ;
; Ignore CARRY Buffers                                             ; Off                ; Off                ;
; Ignore CASCADE Buffers                                           ; Off                ; Off                ;
; Ignore GLOBAL Buffers                                            ; Off                ; Off                ;
; Ignore ROW GLOBAL Buffers                                        ; Off                ; Off                ;
; Ignore LCELL Buffers                                             ; Off                ; Off                ;
; Ignore SOFT Buffers                                              ; On                 ; On                 ;
; Limit AHDL Integers to 32 Bits                                   ; Off                ; Off                ;
; Optimization Technique                                           ; Balanced           ; Balanced           ;
; Carry Chain Length                                               ; 70                 ; 70                 ;
; Auto Carry Chains                                                ; On                 ; On                 ;
; Auto Open-Drain Pins                                             ; On                 ; On                 ;
; Perform WYSIWYG Primitive Resynthesis                            ; Off                ; Off                ;
; Auto ROM Replacement                                             ; On                 ; On                 ;
; Auto RAM Replacement                                             ; On                 ; On                 ;
; Auto DSP Block Replacement                                       ; On                 ; On                 ;
; Auto Shift Register Replacement                                  ; Auto               ; Auto               ;
; Allow Shift Register Merging across Hierarchies                  ; Auto               ; Auto               ;
; Auto Clock Enable Replacement                                    ; On                 ; On                 ;
; Strict RAM Replacement                                           ; Off                ; Off                ;
; Allow Synchronous Control Signals                                ; On                 ; On                 ;
; Force Use of Synchronous Clear Signals                           ; Off                ; Off                ;
; Auto RAM Block Balancing                                         ; On                 ; On                 ;
; Auto RAM to Logic Cell Conversion                                ; Off                ; Off                ;
; Auto Resource Sharing                                            ; Off                ; Off                ;
; Allow Any RAM Size For Recognition                               ; Off                ; Off                ;
; Allow Any ROM Size For Recognition                               ; Off                ; Off                ;
; Allow Any Shift Register Size For Recognition                    ; Off                ; Off                ;
; Use LogicLock Constraints during Resource Balancing              ; On                 ; On                 ;
; Ignore translate_off and synthesis_off directives                ; Off                ; Off                ;
; Timing-Driven Synthesis                                          ; On                 ; On                 ;
; Report Parameter Settings                                        ; On                 ; On                 ;
; Report Source Assignments                                        ; On                 ; On                 ;
; Report Connectivity Checks                                       ; On                 ; On                 ;
; Ignore Maximum Fan-Out Assignments                               ; Off                ; Off                ;
; Synchronization Register Chain Length                            ; 2                  ; 2                  ;
; Power Optimization During Synthesis                              ; Normal compilation ; Normal compilation ;
; HDL message level                                                ; Level2             ; Level2             ;
; Suppress Register Optimization Related Messages                  ; Off                ; Off                ;
; Number of Removed Registers Reported in Synthesis Report         ; 5000               ; 5000               ;
; Number of Swept Nodes Reported in Synthesis Report               ; 5000               ; 5000               ;
; Number of Inverted Registers Reported in Synthesis Report        ; 100                ; 100                ;
; Clock MUX Protection                                             ; On                 ; On                 ;
; Auto Gated Clock Conversion                                      ; Off                ; Off                ;
; Block Design Naming                                              ; Auto               ; Auto               ;
; SDC constraint protection                                        ; Off                ; Off                ;
; Synthesis Effort                                                 ; Auto               ; Auto               ;
; Shift Register Replacement - Allow Asynchronous Clear Signal     ; On                 ; On                 ;
; Pre-Mapping Resynthesis Optimization                             ; Off                ; Off                ;
; Analysis & Synthesis Message Level                               ; Medium             ; Medium             ;
; Disable Register Merging Across Hierarchies                      ; Auto               ; Auto               ;
; Resource Aware Inference For Block RAM                           ; On                 ; On                 ;
+------------------------------------------------------------------+--------------------+--------------------+


+------------------------------------------+
; Parallel Compilation                     ;
+----------------------------+-------------+
; Processors                 ; Number      ;
+----------------------------+-------------+
; Number detected on machine ; 12          ;
; Maximum allowed            ; 6           ;
;                            ;             ;
; Average used               ; 1.00        ;
; Maximum used               ; 6           ;
;                            ;             ;
; Usage by Processor         ; % Time Used ;
;     Processor 1            ; 100.0%      ;
;     Processor 2            ;   0.0%      ;
;     Processor 3            ;   0.0%      ;
;     Processor 4            ;   0.0%      ;
;     Processor 5            ;   0.0%      ;
;     Processor 6            ;   0.0%      ;
+----------------------------+-------------+


+-------------------------------------------------------------------------------------------------------------------------------------------------------------------------------------------+
; Analysis & Synthesis Source Files Read                                                                                                                                                    ;
+----------------------------------+-----------------+------------------------------+---------------------------------------------------------------------------------------------+---------+
; File Name with User-Entered Path ; Used in Netlist ; File Type                    ; File Name with Absolute Path                                                                ; Library ;
+----------------------------------+-----------------+------------------------------+---------------------------------------------------------------------------------------------+---------+
; memory_contents.sv               ; yes             ; User SystemVerilog HDL File  ; D:/OneDrive - International Campus, Zhejiang University/ece385/lab6/lab6/memory_contents.sv ;         ;
; Synchronizers.sv                 ; yes             ; User SystemVerilog HDL File  ; D:/OneDrive - International Campus, Zhejiang University/ece385/lab6/lab6/Synchronizers.sv   ;         ;
; memory_datapath.sv               ; yes             ; User SystemVerilog HDL File  ; D:/OneDrive - International Campus, Zhejiang University/ece385/lab6/lab6/memory_datapath.sv ;         ;
; tristate.sv                      ; yes             ; User SystemVerilog HDL File  ; D:/OneDrive - International Campus, Zhejiang University/ece385/lab6/lab6/tristate.sv        ;         ;
; test_memory.sv                   ; yes             ; User SystemVerilog HDL File  ; D:/OneDrive - International Campus, Zhejiang University/ece385/lab6/lab6/test_memory.sv     ;         ;
; SLC3_2.sv                        ; yes             ; User SystemVerilog HDL File  ; D:/OneDrive - International Campus, Zhejiang University/ece385/lab6/lab6/SLC3_2.sv          ;         ;
; slc3.sv                          ; yes             ; User SystemVerilog HDL File  ; D:/OneDrive - International Campus, Zhejiang University/ece385/lab6/lab6/slc3.sv            ;         ;
; Mem2IO.sv                        ; yes             ; User SystemVerilog HDL File  ; D:/OneDrive - International Campus, Zhejiang University/ece385/lab6/lab6/Mem2IO.sv          ;         ;
; lab6_toplevel.sv                 ; yes             ; User SystemVerilog HDL File  ; D:/OneDrive - International Campus, Zhejiang University/ece385/lab6/lab6/lab6_toplevel.sv   ;         ;
; ISDU.sv                          ; yes             ; User SystemVerilog HDL File  ; D:/OneDrive - International Campus, Zhejiang University/ece385/lab6/lab6/ISDU.sv            ;         ;
; IR_datapath.sv                   ; yes             ; User SystemVerilog HDL File  ; D:/OneDrive - International Campus, Zhejiang University/ece385/lab6/lab6/IR_datapath.sv     ;         ;
; HexDriver.sv                     ; yes             ; User SystemVerilog HDL File  ; D:/OneDrive - International Campus, Zhejiang University/ece385/lab6/lab6/HexDriver.sv       ;         ;
; Register_ALU.sv                  ; yes             ; User SystemVerilog HDL File  ; D:/OneDrive - International Campus, Zhejiang University/ece385/lab6/lab6/Register_ALU.sv    ;         ;
; NZP.sv                           ; yes             ; User SystemVerilog HDL File  ; D:/OneDrive - International Campus, Zhejiang University/ece385/lab6/lab6/NZP.sv             ;         ;
+----------------------------------+-----------------+------------------------------+---------------------------------------------------------------------------------------------+---------+


+---------------------------------------------------------+
; Analysis & Synthesis Resource Usage Summary             ;
+---------------------------------------------+-----------+
; Resource                                    ; Usage     ;
+---------------------------------------------+-----------+
; Estimated Total logic elements              ; 754       ;
;                                             ;           ;
; Total combinational functions               ; 609       ;
; Logic element usage by number of LUT inputs ;           ;
;     -- 4 input functions                    ; 393       ;
;     -- 3 input functions                    ; 145       ;
;     -- <=2 input functions                  ; 71        ;
;                                             ;           ;
; Logic elements by mode                      ;           ;
;     -- normal mode                          ; 564       ;
;     -- arithmetic mode                      ; 45        ;
;                                             ;           ;
; Total registers                             ; 272       ;
;     -- Dedicated logic registers            ; 272       ;
;     -- I/O registers                        ; 0         ;
;                                             ;           ;
; I/O pins                                    ; 129       ;
;                                             ;           ;
; Embedded Multiplier 9-bit elements          ; 0         ;
;                                             ;           ;
; Maximum fan-out node                        ; Clk~input ;
; Maximum fan-out                             ; 272       ;
; Total fan-out                               ; 3245      ;
; Average fan-out                             ; 2.81      ;
+---------------------------------------------+-----------+


+--------------------------------------------------------------------------------------------------------------------------------------------------------------------------------------------------------------------------------------------------+
; Analysis & Synthesis Resource Utilization by Entity                                                                                                                                                                                              ;
+---------------------------------+---------------------+---------------------------+-------------+--------------+---------+-----------+------+--------------+----------------------------------------------------+-----------------+--------------+
; Compilation Hierarchy Node      ; Combinational ALUTs ; Dedicated Logic Registers ; Memory Bits ; DSP Elements ; DSP 9x9 ; DSP 18x18 ; Pins ; Virtual Pins ; Full Hierarchy Name                                ; Entity Name     ; Library Name ;
+---------------------------------+---------------------+---------------------------+-------------+--------------+---------+-----------+------+--------------+----------------------------------------------------+-----------------+--------------+
; |lab6_toplevel                  ; 609 (0)             ; 272 (0)                   ; 0           ; 0            ; 0       ; 0         ; 129  ; 0            ; |lab6_toplevel                                     ; lab6_toplevel   ; work         ;
;    |slc3:my_slc|                ; 609 (120)           ; 272 (0)                   ; 0           ; 0            ; 0       ; 0         ; 0    ; 0            ; |lab6_toplevel|slc3:my_slc                         ; slc3            ; work         ;
;       |HexDriver:hex_driver0|   ; 7 (7)               ; 0 (0)                     ; 0           ; 0            ; 0       ; 0         ; 0    ; 0            ; |lab6_toplevel|slc3:my_slc|HexDriver:hex_driver0   ; HexDriver       ; work         ;
;       |HexDriver:hex_driver1|   ; 7 (7)               ; 0 (0)                     ; 0           ; 0            ; 0       ; 0         ; 0    ; 0            ; |lab6_toplevel|slc3:my_slc|HexDriver:hex_driver1   ; HexDriver       ; work         ;
;       |HexDriver:hex_driver2|   ; 7 (7)               ; 0 (0)                     ; 0           ; 0            ; 0       ; 0         ; 0    ; 0            ; |lab6_toplevel|slc3:my_slc|HexDriver:hex_driver2   ; HexDriver       ; work         ;
;       |HexDriver:hex_driver3|   ; 7 (7)               ; 0 (0)                     ; 0           ; 0            ; 0       ; 0         ; 0    ; 0            ; |lab6_toplevel|slc3:my_slc|HexDriver:hex_driver3   ; HexDriver       ; work         ;
;       |HexDriver:hex_driver4|   ; 7 (7)               ; 0 (0)                     ; 0           ; 0            ; 0       ; 0         ; 0    ; 0            ; |lab6_toplevel|slc3:my_slc|HexDriver:hex_driver4   ; HexDriver       ; work         ;
;       |HexDriver:hex_driver5|   ; 7 (7)               ; 0 (0)                     ; 0           ; 0            ; 0       ; 0         ; 0    ; 0            ; |lab6_toplevel|slc3:my_slc|HexDriver:hex_driver5   ; HexDriver       ; work         ;
;       |HexDriver:hex_driver6|   ; 7 (7)               ; 0 (0)                     ; 0           ; 0            ; 0       ; 0         ; 0    ; 0            ; |lab6_toplevel|slc3:my_slc|HexDriver:hex_driver6   ; HexDriver       ; work         ;
;       |HexDriver:hex_driver7|   ; 7 (7)               ; 0 (0)                     ; 0           ; 0            ; 0       ; 0         ; 0    ; 0            ; |lab6_toplevel|slc3:my_slc|HexDriver:hex_driver7   ; HexDriver       ; work         ;
;       |IR_datapath:my_ID|       ; 101 (101)           ; 32 (32)                   ; 0           ; 0            ; 0       ; 0         ; 0    ; 0            ; |lab6_toplevel|slc3:my_slc|IR_datapath:my_ID       ; IR_datapath     ; work         ;
;       |ISDU:state_controller|   ; 50 (50)             ; 25 (25)                   ; 0           ; 0            ; 0       ; 0         ; 0    ; 0            ; |lab6_toplevel|slc3:my_slc|ISDU:state_controller   ; ISDU            ; work         ;
;       |Mem2IO:memory_subsystem| ; 22 (22)             ; 16 (16)                   ; 0           ; 0            ; 0       ; 0         ; 0    ; 0            ; |lab6_toplevel|slc3:my_slc|Mem2IO:memory_subsystem ; Mem2IO          ; work         ;
;       |NZP:my_N|                ; 11 (11)             ; 4 (4)                     ; 0           ; 0            ; 0       ; 0         ; 0    ; 0            ; |lab6_toplevel|slc3:my_slc|NZP:my_N                ; NZP             ; work         ;
;       |Register_ALU:my_RA|      ; 229 (229)           ; 128 (128)                 ; 0           ; 0            ; 0       ; 0         ; 0    ; 0            ; |lab6_toplevel|slc3:my_slc|Register_ALU:my_RA      ; Register_ALU    ; work         ;
;       |memory_datapath:my_MD|   ; 17 (17)             ; 32 (32)                   ; 0           ; 0            ; 0       ; 0         ; 0    ; 0            ; |lab6_toplevel|slc3:my_slc|memory_datapath:my_MD   ; memory_datapath ; work         ;
;       |sync:one|                ; 1 (1)               ; 1 (1)                     ; 0           ; 0            ; 0       ; 0         ; 0    ; 0            ; |lab6_toplevel|slc3:my_slc|sync:one                ; sync            ; work         ;
;       |sync:three|              ; 1 (1)               ; 1 (1)                     ; 0           ; 0            ; 0       ; 0         ; 0    ; 0            ; |lab6_toplevel|slc3:my_slc|sync:three              ; sync            ; work         ;
;       |sync:two|                ; 1 (1)               ; 1 (1)                     ; 0           ; 0            ; 0       ; 0         ; 0    ; 0            ; |lab6_toplevel|slc3:my_slc|sync:two                ; sync            ; work         ;
;       |tristate:tr0|            ; 0 (0)               ; 32 (32)                   ; 0           ; 0            ; 0       ; 0         ; 0    ; 0            ; |lab6_toplevel|slc3:my_slc|tristate:tr0            ; tristate        ; work         ;
+---------------------------------+---------------------+---------------------------+-------------+--------------+---------+-----------+------+--------------+----------------------------------------------------+-----------------+--------------+
Note: For table entries with two numbers listed, the numbers in parentheses indicate the number of resources of the given type used by the specific entity alone. The numbers listed outside of parentheses indicate the total resources of the given type used by the specific entity and all of its sub-entities in the hierarchy.


Encoding Type:  One-Hot
+-----------------------------------------------------------------------------------------------------------------------------------------------------------------------------------------------------------------------------------------------------------------------------------------------------------------------------------------------------------------------+
; State Machine - |lab6_toplevel|slc3:my_slc|ISDU:state_controller|State                                                                                                                                                                                                                                                                                                ;
+--------------+--------------+--------------+--------------+--------------+--------------+------------+------------+------------+--------------+--------------+------------+------------+------------+------------+------------+------------+------------+------------+------------+------------+------------+--------------+--------------+------------+--------------+
; Name         ; State.PAUSE2 ; State.PAUSE1 ; State.S_16_3 ; State.S_16_2 ; State.S_16_1 ; State.S_23 ; State.S_07 ; State.S_27 ; State.S_25_2 ; State.S_25_1 ; State.S_06 ; State.S_21 ; State.S_04 ; State.S_12 ; State.S_22 ; State.S_00 ; State.S_09 ; State.S_05 ; State.S_01 ; State.S_32 ; State.S_35 ; State.S_33_2 ; State.S_33_1 ; State.S_18 ; State.Halted ;
+--------------+--------------+--------------+--------------+--------------+--------------+------------+------------+------------+--------------+--------------+------------+------------+------------+------------+------------+------------+------------+------------+------------+------------+------------+--------------+--------------+------------+--------------+
; State.Halted ; 0            ; 0            ; 0            ; 0            ; 0            ; 0          ; 0          ; 0          ; 0            ; 0            ; 0          ; 0          ; 0          ; 0          ; 0          ; 0          ; 0          ; 0          ; 0          ; 0          ; 0          ; 0            ; 0            ; 0          ; 0            ;
; State.S_18   ; 0            ; 0            ; 0            ; 0            ; 0            ; 0          ; 0          ; 0          ; 0            ; 0            ; 0          ; 0          ; 0          ; 0          ; 0          ; 0          ; 0          ; 0          ; 0          ; 0          ; 0          ; 0            ; 0            ; 1          ; 1            ;
; State.S_33_1 ; 0            ; 0            ; 0            ; 0            ; 0            ; 0          ; 0          ; 0          ; 0            ; 0            ; 0          ; 0          ; 0          ; 0          ; 0          ; 0          ; 0          ; 0          ; 0          ; 0          ; 0          ; 0            ; 1            ; 0          ; 1            ;
; State.S_33_2 ; 0            ; 0            ; 0            ; 0            ; 0            ; 0          ; 0          ; 0          ; 0            ; 0            ; 0          ; 0          ; 0          ; 0          ; 0          ; 0          ; 0          ; 0          ; 0          ; 0          ; 0          ; 1            ; 0            ; 0          ; 1            ;
; State.S_35   ; 0            ; 0            ; 0            ; 0            ; 0            ; 0          ; 0          ; 0          ; 0            ; 0            ; 0          ; 0          ; 0          ; 0          ; 0          ; 0          ; 0          ; 0          ; 0          ; 0          ; 1          ; 0            ; 0            ; 0          ; 1            ;
; State.S_32   ; 0            ; 0            ; 0            ; 0            ; 0            ; 0          ; 0          ; 0          ; 0            ; 0            ; 0          ; 0          ; 0          ; 0          ; 0          ; 0          ; 0          ; 0          ; 0          ; 1          ; 0          ; 0            ; 0            ; 0          ; 1            ;
; State.S_01   ; 0            ; 0            ; 0            ; 0            ; 0            ; 0          ; 0          ; 0          ; 0            ; 0            ; 0          ; 0          ; 0          ; 0          ; 0          ; 0          ; 0          ; 0          ; 1          ; 0          ; 0          ; 0            ; 0            ; 0          ; 1            ;
; State.S_05   ; 0            ; 0            ; 0            ; 0            ; 0            ; 0          ; 0          ; 0          ; 0            ; 0            ; 0          ; 0          ; 0          ; 0          ; 0          ; 0          ; 0          ; 1          ; 0          ; 0          ; 0          ; 0            ; 0            ; 0          ; 1            ;
; State.S_09   ; 0            ; 0            ; 0            ; 0            ; 0            ; 0          ; 0          ; 0          ; 0            ; 0            ; 0          ; 0          ; 0          ; 0          ; 0          ; 0          ; 1          ; 0          ; 0          ; 0          ; 0          ; 0            ; 0            ; 0          ; 1            ;
; State.S_00   ; 0            ; 0            ; 0            ; 0            ; 0            ; 0          ; 0          ; 0          ; 0            ; 0            ; 0          ; 0          ; 0          ; 0          ; 0          ; 1          ; 0          ; 0          ; 0          ; 0          ; 0          ; 0            ; 0            ; 0          ; 1            ;
; State.S_22   ; 0            ; 0            ; 0            ; 0            ; 0            ; 0          ; 0          ; 0          ; 0            ; 0            ; 0          ; 0          ; 0          ; 0          ; 1          ; 0          ; 0          ; 0          ; 0          ; 0          ; 0          ; 0            ; 0            ; 0          ; 1            ;
; State.S_12   ; 0            ; 0            ; 0            ; 0            ; 0            ; 0          ; 0          ; 0          ; 0            ; 0            ; 0          ; 0          ; 0          ; 1          ; 0          ; 0          ; 0          ; 0          ; 0          ; 0          ; 0          ; 0            ; 0            ; 0          ; 1            ;
; State.S_04   ; 0            ; 0            ; 0            ; 0            ; 0            ; 0          ; 0          ; 0          ; 0            ; 0            ; 0          ; 0          ; 1          ; 0          ; 0          ; 0          ; 0          ; 0          ; 0          ; 0          ; 0          ; 0            ; 0            ; 0          ; 1            ;
; State.S_21   ; 0            ; 0            ; 0            ; 0            ; 0            ; 0          ; 0          ; 0          ; 0            ; 0            ; 0          ; 1          ; 0          ; 0          ; 0          ; 0          ; 0          ; 0          ; 0          ; 0          ; 0          ; 0            ; 0            ; 0          ; 1            ;
; State.S_06   ; 0            ; 0            ; 0            ; 0            ; 0            ; 0          ; 0          ; 0          ; 0            ; 0            ; 1          ; 0          ; 0          ; 0          ; 0          ; 0          ; 0          ; 0          ; 0          ; 0          ; 0          ; 0            ; 0            ; 0          ; 1            ;
; State.S_25_1 ; 0            ; 0            ; 0            ; 0            ; 0            ; 0          ; 0          ; 0          ; 0            ; 1            ; 0          ; 0          ; 0          ; 0          ; 0          ; 0          ; 0          ; 0          ; 0          ; 0          ; 0          ; 0            ; 0            ; 0          ; 1            ;
; State.S_25_2 ; 0            ; 0            ; 0            ; 0            ; 0            ; 0          ; 0          ; 0          ; 1            ; 0            ; 0          ; 0          ; 0          ; 0          ; 0          ; 0          ; 0          ; 0          ; 0          ; 0          ; 0          ; 0            ; 0            ; 0          ; 1            ;
; State.S_27   ; 0            ; 0            ; 0            ; 0            ; 0            ; 0          ; 0          ; 1          ; 0            ; 0            ; 0          ; 0          ; 0          ; 0          ; 0          ; 0          ; 0          ; 0          ; 0          ; 0          ; 0          ; 0            ; 0            ; 0          ; 1            ;
; State.S_07   ; 0            ; 0            ; 0            ; 0            ; 0            ; 0          ; 1          ; 0          ; 0            ; 0            ; 0          ; 0          ; 0          ; 0          ; 0          ; 0          ; 0          ; 0          ; 0          ; 0          ; 0          ; 0            ; 0            ; 0          ; 1            ;
; State.S_23   ; 0            ; 0            ; 0            ; 0            ; 0            ; 1          ; 0          ; 0          ; 0            ; 0            ; 0          ; 0          ; 0          ; 0          ; 0          ; 0          ; 0          ; 0          ; 0          ; 0          ; 0          ; 0            ; 0            ; 0          ; 1            ;
; State.S_16_1 ; 0            ; 0            ; 0            ; 0            ; 1            ; 0          ; 0          ; 0          ; 0            ; 0            ; 0          ; 0          ; 0          ; 0          ; 0          ; 0          ; 0          ; 0          ; 0          ; 0          ; 0          ; 0            ; 0            ; 0          ; 1            ;
; State.S_16_2 ; 0            ; 0            ; 0            ; 1            ; 0            ; 0          ; 0          ; 0          ; 0            ; 0            ; 0          ; 0          ; 0          ; 0          ; 0          ; 0          ; 0          ; 0          ; 0          ; 0          ; 0          ; 0            ; 0            ; 0          ; 1            ;
; State.S_16_3 ; 0            ; 0            ; 1            ; 0            ; 0            ; 0          ; 0          ; 0          ; 0            ; 0            ; 0          ; 0          ; 0          ; 0          ; 0          ; 0          ; 0          ; 0          ; 0          ; 0          ; 0          ; 0            ; 0            ; 0          ; 1            ;
; State.PAUSE1 ; 0            ; 1            ; 0            ; 0            ; 0            ; 0          ; 0          ; 0          ; 0            ; 0            ; 0          ; 0          ; 0          ; 0          ; 0          ; 0          ; 0          ; 0          ; 0          ; 0          ; 0          ; 0            ; 0            ; 0          ; 1            ;
; State.PAUSE2 ; 1            ; 0            ; 0            ; 0            ; 0            ; 0          ; 0          ; 0          ; 0            ; 0            ; 0          ; 0          ; 0          ; 0          ; 0          ; 0          ; 0          ; 0          ; 0          ; 0          ; 0          ; 0            ; 0            ; 0          ; 1            ;
+--------------+--------------+--------------+--------------+--------------+--------------+------------+------------+------------+--------------+--------------+------------+------------+------------+------------+------------+------------+------------+------------+------------+------------+------------+--------------+--------------+------------+--------------+


+----------------------------------------------------------------+
; Registers Removed During Synthesis                             ;
+-------------------------------------------+--------------------+
; Register name                             ; Reason for Removal ;
+-------------------------------------------+--------------------+
; slc3:my_slc|ISDU:state_controller|State~2 ; Lost fanout        ;
; slc3:my_slc|ISDU:state_controller|State~3 ; Lost fanout        ;
; slc3:my_slc|ISDU:state_controller|State~4 ; Lost fanout        ;
; slc3:my_slc|ISDU:state_controller|State~5 ; Lost fanout        ;
; slc3:my_slc|ISDU:state_controller|State~6 ; Lost fanout        ;
; Total Number of Removed Registers = 5     ;                    ;
+-------------------------------------------+--------------------+


+------------------------------------------------------+
; General Register Statistics                          ;
+----------------------------------------------+-------+
; Statistic                                    ; Value ;
+----------------------------------------------+-------+
; Total registers                              ; 272   ;
; Number of registers using Synchronous Clear  ; 19    ;
; Number of registers using Synchronous Load   ; 32    ;
; Number of registers using Asynchronous Clear ; 0     ;
; Number of registers using Asynchronous Load  ; 0     ;
; Number of registers using Clock Enable       ; 210   ;
; Number of registers using Preset             ; 0     ;
+----------------------------------------------+-------+


+------------------------------------------------------------------------------------------------------------------------------------------------------------------------------+
; Multiplexer Restructuring Statistics (Restructuring Performed)                                                                                                               ;
+--------------------+-----------+---------------+----------------------+------------------------+------------+----------------------------------------------------------------+
; Multiplexer Inputs ; Bus Width ; Baseline Area ; Area if Restructured ; Saving if Restructured ; Registered ; Example Multiplexer Output                                     ;
+--------------------+-----------+---------------+----------------------+------------------------+------------+----------------------------------------------------------------+
; 3:1                ; 16 bits   ; 32 LEs        ; 16 LEs               ; 16 LEs                 ; Yes        ; |lab6_toplevel|slc3:my_slc|IR_datapath:my_ID|IR[8]             ;
; 3:1                ; 16 bits   ; 32 LEs        ; 16 LEs               ; 16 LEs                 ; Yes        ; |lab6_toplevel|slc3:my_slc|Mem2IO:memory_subsystem|hex_data[4] ;
; 3:1                ; 16 bits   ; 32 LEs        ; 16 LEs               ; 16 LEs                 ; Yes        ; |lab6_toplevel|slc3:my_slc|Register_ALU:my_RA|R0[0]            ;
; 3:1                ; 16 bits   ; 32 LEs        ; 16 LEs               ; 16 LEs                 ; Yes        ; |lab6_toplevel|slc3:my_slc|Register_ALU:my_RA|R1[12]           ;
; 3:1                ; 16 bits   ; 32 LEs        ; 16 LEs               ; 16 LEs                 ; Yes        ; |lab6_toplevel|slc3:my_slc|Register_ALU:my_RA|R2[8]            ;
; 3:1                ; 16 bits   ; 32 LEs        ; 16 LEs               ; 16 LEs                 ; Yes        ; |lab6_toplevel|slc3:my_slc|Register_ALU:my_RA|R3[2]            ;
; 3:1                ; 16 bits   ; 32 LEs        ; 16 LEs               ; 16 LEs                 ; Yes        ; |lab6_toplevel|slc3:my_slc|Register_ALU:my_RA|R4[10]           ;
; 3:1                ; 16 bits   ; 32 LEs        ; 16 LEs               ; 16 LEs                 ; Yes        ; |lab6_toplevel|slc3:my_slc|Register_ALU:my_RA|R5[12]           ;
; 3:1                ; 16 bits   ; 32 LEs        ; 16 LEs               ; 16 LEs                 ; Yes        ; |lab6_toplevel|slc3:my_slc|Register_ALU:my_RA|R6[14]           ;
; 3:1                ; 16 bits   ; 32 LEs        ; 16 LEs               ; 16 LEs                 ; Yes        ; |lab6_toplevel|slc3:my_slc|Register_ALU:my_RA|R7[0]            ;
; 4:1                ; 2 bits    ; 4 LEs         ; 2 LEs                ; 2 LEs                  ; Yes        ; |lab6_toplevel|slc3:my_slc|NZP:my_N|N                          ;
; 6:1                ; 16 bits   ; 64 LEs        ; 32 LEs               ; 32 LEs                 ; Yes        ; |lab6_toplevel|slc3:my_slc|IR_datapath:my_ID|PC[7]             ;
; 5:1                ; 16 bits   ; 48 LEs        ; 32 LEs               ; 16 LEs                 ; Yes        ; |lab6_toplevel|slc3:my_slc|memory_datapath:my_MD|MDR[0]        ;
; 3:1                ; 2 bits    ; 4 LEs         ; 4 LEs                ; 0 LEs                  ; No         ; |lab6_toplevel|slc3:my_slc|IR_datapath:my_ID|Mux6              ;
; 8:1                ; 16 bits   ; 80 LEs        ; 80 LEs               ; 0 LEs                  ; No         ; |lab6_toplevel|slc3:my_slc|Register_ALU:my_RA|Mux6             ;
; 9:1                ; 16 bits   ; 96 LEs        ; 96 LEs               ; 0 LEs                  ; No         ; |lab6_toplevel|slc3:my_slc|Register_ALU:my_RA|B_IN[15]         ;
; 15:1               ; 16 bits   ; 160 LEs       ; 96 LEs               ; 64 LEs                 ; No         ; |lab6_toplevel|slc3:my_slc|Mux6                                ;
+--------------------+-----------+---------------+----------------------+------------------------+------------+----------------------------------------------------------------+


+-----------------------------------------------------------------------+
; Parameter Settings for User Entity Instance: slc3:my_slc|tristate:tr0 ;
+----------------+-------+----------------------------------------------+
; Parameter Name ; Value ; Type                                         ;
+----------------+-------+----------------------------------------------+
; N              ; 16    ; Signed Integer                               ;
+----------------+-------+----------------------------------------------+
Note: In order to hide this table in the UI and the text report file, please set the "Show Parameter Settings in Synthesis Report" option in "Analysis and Synthesis Settings -> More Settings" to "Off".


+-------------------------------------------------------------------------+
; Parameter Settings for User Entity Instance: test_memory:my_test_memory ;
+----------------+-------+------------------------------------------------+
; Parameter Name ; Value ; Type                                           ;
+----------------+-------+------------------------------------------------+
; size           ; 256   ; Signed Integer                                 ;
; init_external  ; 0     ; Signed Integer                                 ;
+----------------+-------+------------------------------------------------+
Note: In order to hide this table in the UI and the text report file, please set the "Show Parameter Settings in Synthesis Report" option in "Analysis and Synthesis Settings -> More Settings" to "Off".


+----------------------------------------------------------------------------------------------+
; Parameter Settings for User Entity Instance: test_memory:my_test_memory|memory_parser:parser ;
+----------------+-------+---------------------------------------------------------------------+
; Parameter Name ; Value ; Type                                                                ;
+----------------+-------+---------------------------------------------------------------------+
; size           ; 256   ; Signed Integer                                                      ;
+----------------+-------+---------------------------------------------------------------------+
Note: In order to hide this table in the UI and the text report file, please set the "Show Parameter Settings in Synthesis Report" option in "Analysis and Synthesis Settings -> More Settings" to "Off".


+-----------------------------------------------------------------+
; Port Connectivity Checks: "slc3:my_slc|Mem2IO:memory_subsystem" ;
+--------------+-------+----------+-------------------------------+
; Port         ; Type  ; Severity ; Details                       ;
+--------------+-------+----------+-------------------------------+
; ADDR[19..16] ; Input ; Info     ; Stuck at GND                  ;
+--------------+-------+----------+-------------------------------+


+-----------------------------------------------------+
; Post-Synthesis Netlist Statistics for Top Partition ;
+-----------------------+-----------------------------+
; Type                  ; Count                       ;
+-----------------------+-----------------------------+
; boundary_port         ; 129                         ;
; cycloneiii_ff         ; 272                         ;
;     ENA               ; 178                         ;
;     ENA SCLR SLD      ; 16                          ;
;     ENA SLD           ; 16                          ;
;     SCLR              ; 3                           ;
;     plain             ; 59                          ;
; cycloneiii_io_obuf    ; 16                          ;
; cycloneiii_lcell_comb ; 620                         ;
;     arith             ; 45                          ;
;         2 data inputs ; 15                          ;
;         3 data inputs ; 30                          ;
;     normal            ; 575                         ;
;         0 data inputs ; 1                           ;
;         1 data inputs ; 14                          ;
;         2 data inputs ; 52                          ;
;         3 data inputs ; 115                         ;
;         4 data inputs ; 393                         ;
;                       ;                             ;
; Max LUT depth         ; 13.90                       ;
; Average LUT depth     ; 7.84                        ;
+-----------------------+-----------------------------+


+-------------------------------+
; Elapsed Time Per Partition    ;
+----------------+--------------+
; Partition Name ; Elapsed Time ;
+----------------+--------------+
; Top            ; 00:00:01     ;
+----------------+--------------+


+-------------------------------+
; Analysis & Synthesis Messages ;
+-------------------------------+
Info: *******************************************************************
Info: Running Quartus Prime Analysis & Synthesis
    Info: Version 18.0.0 Build 614 04/24/2018 SJ Lite Edition
    Info: Processing started: Wed Nov 11 16:46:50 2020
Info: Command: quartus_map --read_settings_files=on --write_settings_files=off lab6 -c lab6
Warning (18236): Number of processors has not been specified which may cause overloading on shared machines.  Set the global assignment NUM_PARALLEL_PROCESSORS in your QSF to an appropriate value for best performance.
Info (20030): Parallel compilation is enabled and will use 6 of the 6 processors detected
Info (12021): Found 1 design units, including 1 entities, in source file memory_contents.sv
    Info (12023): Found entity 1: memory_parser File: D:/OneDrive - International Campus, Zhejiang University/ece385/lab6/lab6/memory_contents.sv Line: 16
Info (12021): Found 1 design units, including 1 entities, in source file testbench_week2.sv
    Info (12023): Found entity 1: testbench_week2 File: D:/OneDrive - International Campus, Zhejiang University/ece385/lab6/lab6/testbench_week2.sv Line: 43
Info (12021): Found 3 design units, including 3 entities, in source file synchronizers.sv
    Info (12023): Found entity 1: sync File: D:/OneDrive - International Campus, Zhejiang University/ece385/lab6/lab6/Synchronizers.sv Line: 4
    Info (12023): Found entity 2: sync_r0 File: D:/OneDrive - International Campus, Zhejiang University/ece385/lab6/lab6/Synchronizers.sv Line: 18
    Info (12023): Found entity 3: sync_r1 File: D:/OneDrive - International Campus, Zhejiang University/ece385/lab6/lab6/Synchronizers.sv Line: 39
Info (12021): Found 1 design units, including 1 entities, in source file testbench_week1.sv
    Info (12023): Found entity 1: testbench_week1 File: D:/OneDrive - International Campus, Zhejiang University/ece385/lab6/lab6/testbench_week1.sv Line: 10
Info (12021): Found 1 design units, including 1 entities, in source file memory_datapath.sv
    Info (12023): Found entity 1: memory_datapath File: D:/OneDrive - International Campus, Zhejiang University/ece385/lab6/lab6/memory_datapath.sv Line: 3
Info (12021): Found 1 design units, including 1 entities, in source file tristate.sv
    Info (12023): Found entity 1: tristate File: D:/OneDrive - International Campus, Zhejiang University/ece385/lab6/lab6/tristate.sv Line: 16
Info (12021): Found 1 design units, including 1 entities, in source file test_memory.sv
    Info (12023): Found entity 1: test_memory File: D:/OneDrive - International Campus, Zhejiang University/ece385/lab6/lab6/test_memory.sv Line: 22
Info (12021): Found 1 design units, including 0 entities, in source file slc3_2.sv
    Info (12022): Found design unit 1: SLC3_2 (SystemVerilog) File: D:/OneDrive - International Campus, Zhejiang University/ece385/lab6/lab6/SLC3_2.sv Line: 24
Info (12021): Found 1 design units, including 1 entities, in source file slc3.sv
    Info (12023): Found entity 1: slc3 File: D:/OneDrive - International Campus, Zhejiang University/ece385/lab6/lab6/slc3.sv Line: 19
Info (12021): Found 1 design units, including 1 entities, in source file mem2io.sv
    Info (12023): Found entity 1: Mem2IO File: D:/OneDrive - International Campus, Zhejiang University/ece385/lab6/lab6/Mem2IO.sv Line: 16
Info (12021): Found 1 design units, including 1 entities, in source file lab6_toplevel.sv
    Info (12023): Found entity 1: lab6_toplevel File: D:/OneDrive - International Campus, Zhejiang University/ece385/lab6/lab6/lab6_toplevel.sv Line: 10
Info (12021): Found 1 design units, including 1 entities, in source file isdu.sv
    Info (12023): Found entity 1: ISDU File: D:/OneDrive - International Campus, Zhejiang University/ece385/lab6/lab6/ISDU.sv Line: 19
Info (12021): Found 1 design units, including 1 entities, in source file ir_datapath.sv
    Info (12023): Found entity 1: IR_datapath File: D:/OneDrive - International Campus, Zhejiang University/ece385/lab6/lab6/IR_datapath.sv Line: 1
Info (12021): Found 1 design units, including 1 entities, in source file hexdriver.sv
    Info (12023): Found entity 1: HexDriver File: D:/OneDrive - International Campus, Zhejiang University/ece385/lab6/lab6/HexDriver.sv Line: 1
Info (12021): Found 1 design units, including 1 entities, in source file register_alu.sv
    Info (12023): Found entity 1: Register_ALU File: D:/OneDrive - International Campus, Zhejiang University/ece385/lab6/lab6/Register_ALU.sv Line: 1
Info (12021): Found 1 design units, including 1 entities, in source file nzp.sv
    Info (12023): Found entity 1: NZP File: D:/OneDrive - International Campus, Zhejiang University/ece385/lab6/lab6/NZP.sv Line: 1
Info (12127): Elaborating entity "lab6_toplevel" for the top level hierarchy
Info (12128): Elaborating entity "slc3" for hierarchy "slc3:my_slc" File: D:/OneDrive - International Campus, Zhejiang University/ece385/lab6/lab6/lab6_toplevel.sv Line: 19
Info (10264): Verilog HDL Case Statement information at slc3.sv(151): all case item expressions in this case statement are onehot File: D:/OneDrive - International Campus, Zhejiang University/ece385/lab6/lab6/slc3.sv Line: 151
Info (12128): Elaborating entity "sync" for hierarchy "slc3:my_slc|sync:one" File: D:/OneDrive - International Campus, Zhejiang University/ece385/lab6/lab6/slc3.sv Line: 42
Info (12128): Elaborating entity "HexDriver" for hierarchy "slc3:my_slc|HexDriver:hex_driver3" File: D:/OneDrive - International Campus, Zhejiang University/ece385/lab6/lab6/slc3.sv Line: 87
Info (12128): Elaborating entity "memory_datapath" for hierarchy "slc3:my_slc|memory_datapath:my_MD" File: D:/OneDrive - International Campus, Zhejiang University/ece385/lab6/lab6/slc3.sv Line: 114
Info (12128): Elaborating entity "IR_datapath" for hierarchy "slc3:my_slc|IR_datapath:my_ID" File: D:/OneDrive - International Campus, Zhejiang University/ece385/lab6/lab6/slc3.sv Line: 124
Info (12128): Elaborating entity "Register_ALU" for hierarchy "slc3:my_slc|Register_ALU:my_RA" File: D:/OneDrive - International Campus, Zhejiang University/ece385/lab6/lab6/slc3.sv Line: 137
Info (12128): Elaborating entity "NZP" for hierarchy "slc3:my_slc|NZP:my_N" File: D:/OneDrive - International Campus, Zhejiang University/ece385/lab6/lab6/slc3.sv Line: 145
Info (12128): Elaborating entity "Mem2IO" for hierarchy "slc3:my_slc|Mem2IO:memory_subsystem" File: D:/OneDrive - International Campus, Zhejiang University/ece385/lab6/lab6/slc3.sv Line: 179
Info (12128): Elaborating entity "tristate" for hierarchy "slc3:my_slc|tristate:tr0" File: D:/OneDrive - International Campus, Zhejiang University/ece385/lab6/lab6/slc3.sv Line: 184
Info (12128): Elaborating entity "ISDU" for hierarchy "slc3:my_slc|ISDU:state_controller" File: D:/OneDrive - International Campus, Zhejiang University/ece385/lab6/lab6/slc3.sv Line: 191
Info (10264): Verilog HDL Case Statement information at ISDU.sv(256): all case item expressions in this case statement are onehot File: D:/OneDrive - International Campus, Zhejiang University/ece385/lab6/lab6/ISDU.sv Line: 256
Info (12128): Elaborating entity "test_memory" for hierarchy "test_memory:my_test_memory" File: D:/OneDrive - International Campus, Zhejiang University/ece385/lab6/lab6/lab6_toplevel.sv Line: 23
Warning (10036): Verilog HDL or VHDL warning at test_memory.sv(42): object "actual_address" assigned a value but never read File: D:/OneDrive - International Campus, Zhejiang University/ece385/lab6/lab6/test_memory.sv Line: 42
Info (12128): Elaborating entity "memory_parser" for hierarchy "test_memory:my_test_memory|memory_parser:parser" File: D:/OneDrive - International Campus, Zhejiang University/ece385/lab6/lab6/test_memory.sv Line: 48
Warning (13024): Output pins are stuck at VCC or GND
    Warning (13410): Pin "CE" is stuck at GND File: D:/OneDrive - International Campus, Zhejiang University/ece385/lab6/lab6/lab6_toplevel.sv Line: 14
    Warning (13410): Pin "UB" is stuck at GND File: D:/OneDrive - International Campus, Zhejiang University/ece385/lab6/lab6/lab6_toplevel.sv Line: 14
    Warning (13410): Pin "LB" is stuck at GND File: D:/OneDrive - International Campus, Zhejiang University/ece385/lab6/lab6/lab6_toplevel.sv Line: 14
    Warning (13410): Pin "ADDR[16]" is stuck at GND File: D:/OneDrive - International Campus, Zhejiang University/ece385/lab6/lab6/lab6_toplevel.sv Line: 15
    Warning (13410): Pin "ADDR[17]" is stuck at GND File: D:/OneDrive - International Campus, Zhejiang University/ece385/lab6/lab6/lab6_toplevel.sv Line: 15
    Warning (13410): Pin "ADDR[18]" is stuck at GND File: D:/OneDrive - International Campus, Zhejiang University/ece385/lab6/lab6/lab6_toplevel.sv Line: 15
    Warning (13410): Pin "ADDR[19]" is stuck at GND File: D:/OneDrive - International Campus, Zhejiang University/ece385/lab6/lab6/lab6_toplevel.sv Line: 15
Info (286030): Timing-Driven Synthesis is running
Info (17049): 5 registers lost all their fanouts during netlist optimizations.
Info (144001): Generated suppressed messages file D:/OneDrive - International Campus, Zhejiang University/ece385/lab6/lab6/output_files/lab6.map.smsg
Info (16010): Generating hard_block partition "hard_block:auto_generated_inst"
    Info (16011): Adding 0 node(s), including 0 DDIO, 0 PLL, 0 transceiver and 0 LCELL
Info (21057): Implemented 915 device resources after synthesis - the final resource count might be different
    Info (21058): Implemented 20 input pins
    Info (21059): Implemented 93 output pins
    Info (21060): Implemented 16 bidirectional pins
    Info (21061): Implemented 786 logic cells
Info: Quartus Prime Analysis & Synthesis was successful. 0 errors, 10 warnings
    Info: Peak virtual memory: 4800 megabytes
    Info: Processing ended: Wed Nov 11 16:47:03 2020
    Info: Elapsed time: 00:00:13
    Info: Total CPU time (on all processors): 00:00:24


+------------------------------------------+
; Analysis & Synthesis Suppressed Messages ;
+------------------------------------------+
The suppressed messages can be found in D:/OneDrive - International Campus, Zhejiang University/ece385/lab6/lab6/output_files/lab6.map.smsg.


